<?xml version="1.0" encoding="UTF-8"?>
<!-- Generated by org.testng.reporters.JUnitReportReporter -->
<testsuite skipped="0" hostname="DESKTOP-KRLAL0I" name="com.project.EMobiles.TC_103" tests="1" failures="0" timestamp="18 Apr 2019 13:59:22 GMT" time="23.897" errors="0">
  <testcase name="amazon" time="23.897" classname="com.project.EMobiles.TC_103"/>
</testsuite> <!-- com.project.EMobiles.TC_103 -->
