<?xml version="1.0" encoding="UTF-8"?>
<!-- Generated by org.testng.reporters.JUnitReportReporter -->
<testsuite skipped="0" hostname="DESKTOP-KRLAL0I" name="com.pack.testNG.TC_103" tests="2" failures="0" timestamp="16 Apr 2019 14:10:21 GMT" time="65.417" errors="0">
  <testcase name="amazon" time="45.958" classname="com.pack.testNG.TC_103"/>
  <testcase name="amazon" time="19.459" classname="com.pack.testNG.TC_103"/>
</testsuite> <!-- com.pack.testNG.TC_103 -->
