<?xml version="1.0" encoding="UTF-8"?>
<!-- Generated by org.testng.reporters.JUnitReportReporter -->
<testsuite skipped="0" hostname="DESKTOP-KRLAL0I" name="com.pack.testNG.TC_101" tests="1" failures="0" timestamp="16 Apr 2019 13:37:42 GMT" time="0.003" errors="0">
  <testcase name="f" time="0.003" classname="com.pack.testNG.TC_101"/>
</testsuite> <!-- com.pack.testNG.TC_101 -->
