<?xml version="1.0" encoding="UTF-8"?>
<!-- Generated by org.testng.reporters.JUnitReportReporter -->
<testsuite skipped="1" hostname="DESKTOP-KRLAL0I" name="com.pack.testNG.TC_102" tests="3" failures="0" timestamp="16 Apr 2019 13:37:42 GMT" time="0.009" errors="0">
  <testcase name="f" time="0.003" classname="com.pack.testNG.TC_102"/>
  <testcase name="a" time="0.006" classname="com.pack.testNG.TC_102"/>
  <testcase name="x" classname="com.pack.testNG.TC_102">
    <skipped/>
  </testcase> <!-- x -->
</testsuite> <!-- com.pack.testNG.TC_102 -->
