<?xml version="1.0" encoding="UTF-8"?>
<!-- Generated by org.testng.reporters.JUnitReportReporter -->
<testsuite skipped="1" hostname="DESKTOP-KRLAL0I" name="com.pack.testNG.TC_102" tests="3" failures="0" timestamp="15 Apr 2019 14:04:14 GMT" time="0.029" errors="0">
  <testcase name="f" time="0.024" classname="com.pack.testNG.TC_102"/>
  <testcase name="a" time="0.005" classname="com.pack.testNG.TC_102"/>
  <testcase name="x" classname="com.pack.testNG.TC_102">
    <skipped/>
  </testcase> <!-- x -->
</testsuite> <!-- com.pack.testNG.TC_102 -->
