<?xml version="1.0" encoding="UTF-8"?>
<!-- Generated by org.testng.reporters.JUnitReportReporter -->
<testsuite skipped="0" hostname="DESKTOP-KRLAL0I" name="com.pack.testNG.RadioButton1" tests="2" failures="0" timestamp="16 Apr 2019 14:10:21 GMT" time="41.376" errors="0">
  <testcase name="checkboxTest" time="28.836" classname="com.pack.testNG.RadioButton1"/>
  <testcase name="checkboxTest" time="12.540" classname="com.pack.testNG.RadioButton1"/>
</testsuite> <!-- com.pack.testNG.RadioButton1 -->
