<?xml version="1.0" encoding="UTF-8"?>
<!-- Generated by org.testng.reporters.JUnitReportReporter -->
<testsuite skipped="0" hostname="DESKTOP-KRLAL0I" name="com.pack.testNG.LinksTesting1" tests="2" failures="0" timestamp="16 Apr 2019 14:10:21 GMT" time="40.788" errors="0">
  <testcase name="linktesting1" time="8.610" classname="com.pack.testNG.LinksTesting1"/>
  <testcase name="linktesting1" time="32.178" classname="com.pack.testNG.LinksTesting1"/>
</testsuite> <!-- com.pack.testNG.LinksTesting1 -->
