<?xml version="1.0" encoding="UTF-8"?>
<!-- Generated by org.testng.reporters.JUnitReportReporter -->
<testsuite skipped="0" hostname="DESKTOP-KRLAL0I" name="com.pack.testNG.CheckBox1" tests="2" failures="0" timestamp="16 Apr 2019 14:10:21 GMT" time="45.041" errors="0">
  <testcase name="checkboxTest" time="13.106" classname="com.pack.testNG.CheckBox1"/>
  <testcase name="checkboxTest" time="31.935" classname="com.pack.testNG.CheckBox1"/>
</testsuite> <!-- com.pack.testNG.CheckBox1 -->
